<?xml version="1.0" encoding="UTF-8"?>
<testsuite xmlns:xsi="http://www.w3.org/2001/XMLSchema-instance" xsi:noNamespaceSchemaLocation="https://maven.apache.org/surefire/maven-surefire-plugin/xsd/surefire-test-report-3.0.xsd" version="3.0" name="com.e4net.pms.PmsApplicationTests" time="7.072" tests="1" errors="0" skipped="0" failures="0">
  <properties>
[...]
</properties>
  <testcase name="contextLoads" classname="com.e4net.pms.PmsApplicationTests" time="0.72">
    <system-out><![CDATA[11:21:42.449 [main] INFO org.springframework.test.context.support.AnnotationConfigContextLoaderUtils -- Could not detect default configuration classes for test class [com.e4net.pms.PmsApplicationTests]: PmsApplicationTests does not declare any static, non-private, non-final, nested classes annotated with @Configuration.
11:21:42.536 [main] INFO org.springframework.boot.test.context.SpringBootTestContextBootstrapper -- Found @SpringBootConfiguration com.e4net.pms.PmsApplication for test class com.e4net.pms.PmsApplicationTests

  .   ____          _            __ _ _
 /\\ / ___'_ __ _ _(_)_ __  __ _ \ \ \ \
( ( )\___ | '_ | '_| | '_ \/ _` | \ \ \ \
 \\/  ___)| |_)| | | | | || (_| |  ) ) ) )
  '  |____| .__|_| |_|_| |_\__, | / / / /
 =========|_|==============|___/=/_/_/_/
 :: Spring Boot ::                (v3.2.0)

2026-04-01T11:21:42.899+09:00  INFO 31192 --- [e4net.pms] [           main] com.e4net.pms.PmsApplicationTests        : Starting PmsApplicationTests using Java 17.0.18 with PID 31192 (started by ilhun in C:\Users\ilhun\Documents\e4net.pms)
2026-04-01T11:21:42.900+09:00  INFO 31192 --- [e4net.pms] [           main] com.e4net.pms.PmsApplicationTests        : No active profile set, falling back to 1 default profile: "default"
2026-04-01T11:21:43.723+09:00  INFO 31192 --- [e4net.pms] [           main] .s.d.r.c.RepositoryConfigurationDelegate : Bootstrapping Spring Data JPA repositories in DEFAULT mode.
2026-04-01T11:21:43.790+09:00  INFO 31192 --- [e4net.pms] [           main] .s.d.r.c.RepositoryConfigurationDelegate : Finished Spring Data repository scanning in 59 ms. Found 4 JPA repository interfaces.
2026-04-01T11:21:44.476+09:00  INFO 31192 --- [e4net.pms] [           main] o.hibernate.jpa.internal.util.LogHelper  : HHH000204: Processing PersistenceUnitInfo [name: default]
2026-04-01T11:21:44.707+09:00  INFO 31192 --- [e4net.pms] [           main] org.hibernate.Version                    : HHH000412: Hibernate ORM core version 6.3.1.Final
2026-04-01T11:21:44.767+09:00  INFO 31192 --- [e4net.pms] [           main] o.h.c.internal.RegionFactoryInitiator    : HHH000026: Second-level cache disabled
2026-04-01T11:21:45.075+09:00  INFO 31192 --- [e4net.pms] [           main] o.s.o.j.p.SpringPersistenceUnitInfo      : No LoadTimeWeaver setup: ignoring JPA class transformer
2026-04-01T11:21:45.105+09:00  INFO 31192 --- [e4net.pms] [           main] com.zaxxer.hikari.HikariDataSource       : HikariPool-1 - Starting...
2026-04-01T11:21:45.253+09:00  INFO 31192 --- [e4net.pms] [           main] com.zaxxer.hikari.pool.HikariPool        : HikariPool-1 - Added connection com.mysql.cj.jdbc.ConnectionImpl@70cf7d1e
2026-04-01T11:21:45.255+09:00  INFO 31192 --- [e4net.pms] [           main] com.zaxxer.hikari.HikariDataSource       : HikariPool-1 - Start completed.
2026-04-01T11:21:45.292+09:00  WARN 31192 --- [e4net.pms] [           main] org.hibernate.orm.deprecation            : HHH90000025: MySQLDialect does not need to be specified explicitly using 'hibernate.dialect' (remove the property setting and it will be selected by default)
2026-04-01T11:21:46.067+09:00  INFO 31192 --- [e4net.pms] [           main] o.h.e.t.j.p.i.JtaPlatformInitiator       : HHH000489: No JTA platform available (set 'hibernate.transaction.jta.platform' to enable JTA platform integration)
2026-04-01T11:21:46.149+09:00  INFO 31192 --- [e4net.pms] [           main] j.LocalContainerEntityManagerFactoryBean : Initialized JPA EntityManagerFactory for persistence unit 'default'
2026-04-01T11:21:46.838+09:00  INFO 31192 --- [e4net.pms] [           main] o.s.d.j.r.query.QueryEnhancerFactory     : Hibernate is in classpath; If applicable, HQL parser will be used.
2026-04-01T11:21:47.901+09:00  WARN 31192 --- [e4net.pms] [           main] JpaBaseConfiguration$JpaWebConfiguration : spring.jpa.open-in-view is enabled by default. Therefore, database queries may be performed during view rendering. Explicitly configure spring.jpa.open-in-view to disable this warning
2026-04-01T11:21:47.963+09:00  INFO 31192 --- [e4net.pms] [           main] o.s.b.a.w.s.WelcomePageHandlerMapping    : Adding welcome page template: index
2026-04-01T11:21:48.602+09:00  INFO 31192 --- [e4net.pms] [           main] com.e4net.pms.PmsApplicationTests        : Started PmsApplicationTests in 5.912 seconds (process running for 6.832)
]]></system-out>
  </testcase>
</testsuite>